\BOOKMARK [1][-]{section.1}{\376\377\000I\000l\000\040\000P\000r\000o\000g\000e\000t\000t\000o\000\040\000I\000o\000S\000o\000n\000o\000T\000r\000e\000n\000t\000o}{}% 1
\BOOKMARK [2][-]{subsection.1.1}{\376\377\000I\000l\000\040\000p\000r\000o\000b\000l\000e\000m\000a\000\040\000c\000h\000e\000\040\000s\000t\000i\000a\000m\000o\000\040\000r\000i\000s\000o\000l\000v\000e\000n\000d\000o}{section.1}% 2
\BOOKMARK [2][-]{subsection.1.2}{\376\377\000O\000b\000i\000e\000t\000t\000i\000v\000o\000\040\000d\000e\000l\000\040\000p\000r\000o\000g\000e\000t\000t\000o}{section.1}% 3
\BOOKMARK [2][-]{subsection.1.3}{\376\377\000V\000a\000n\000t\000a\000g\000g\000i\000\040\000p\000e\000r\000\040\000i\000l\000\040\000c\000o\000m\000u\000n\000e}{section.1}% 4
\BOOKMARK [2][-]{subsection.1.4}{\376\377\000V\000a\000n\000t\000a\000g\000g\000i\000\040\000p\000e\000r\000\040\000g\000l\000i\000\040\000u\000t\000e\000n\000t\000i}{section.1}% 5
\BOOKMARK [2][-]{subsection.1.5}{\376\377\000L\000i\000m\000i\000t\000a\000z\000i\000o\000n\000i\000\040\000d\000e\000l\000l\000'\000a\000p\000p\000l\000i\000c\000a\000z\000i\000o\000n\000e}{section.1}% 6
\BOOKMARK [2][-]{subsection.1.6}{\376\377\000C\000i\000o\000'\000\040\000c\000h\000e\000\040\000c\000i\000\040\000a\000s\000p\000e\000t\000t\000i\000a\000m\000o}{section.1}% 7
\BOOKMARK [1][-]{section.2}{\376\377\000R\000e\000q\000u\000i\000s\000i\000t\000i\000\040\000F\000u\000n\000z\000i\000o\000n\000a\000l\000i}{}% 8
\BOOKMARK [2][-]{subsection.2.1}{\376\377\000R\000e\000q\000u\000i\000s\000i\000t\000i\000\040\000f\000u\000n\000z\000i\000o\000n\000a\000l\000i\000\040\000c\000o\000m\000u\000n\000i\000\040\000p\000e\000r\000\040\000o\000p\000e\000r\000a\000t\000o\000r\000e\000\040\000e\000\040\000u\000t\000e\000n\000t\000e}{section.2}% 9
\BOOKMARK [2][-]{subsection.2.2}{\376\377\000R\000e\000q\000u\000i\000s\000i\000t\000i\000\040\000f\000u\000n\000z\000i\000o\000n\000a\000l\000i\000\040\000s\000o\000l\000o\000\040\000p\000e\000r\000\040\000o\000p\000e\000r\000a\000t\000o\000r\000e}{section.2}% 10
\BOOKMARK [2][-]{subsection.2.3}{\376\377\000R\000e\000q\000u\000i\000s\000i\000t\000i\000\040\000f\000u\000n\000z\000i\000o\000n\000a\000l\000i\000\040\000s\000o\000l\000o\000\040\000p\000e\000r\000\040\000c\000i\000t\000t\000a\000d\000i\000n\000i}{section.2}% 11
\BOOKMARK [1][-]{section.3}{\376\377\000R\000e\000q\000u\000i\000s\000i\000t\000i\000\040\000n\000o\000n\000\040\000f\000u\000n\000z\000i\000o\000n\000a\000l\000i}{}% 12
\BOOKMARK [2][-]{subsection.3.1}{\376\377\000C\000o\000m\000p\000a\000t\000i\000b\000i\000l\000i\000t\000\340}{section.3}% 13
\BOOKMARK [2][-]{subsection.3.2}{\376\377\000S\000i\000c\000u\000r\000e\000z\000z\000a\000\040\000e\000\040\000p\000r\000i\000v\000a\000c\000y}{section.3}% 14
\BOOKMARK [2][-]{subsection.3.3}{\376\377\000P\000r\000e\000s\000t\000a\000z\000i\000o\000n\000i}{section.3}% 15
\BOOKMARK [2][-]{subsection.3.4}{\376\377\000M\000a\000n\000u\000t\000e\000n\000i\000b\000i\000l\000i\000t\000\340\000\040\000e\000d\000\040\000E\000s\000t\000e\000n\000d\000i\000b\000i\000l\000i\000t\000\340}{section.3}% 16
\BOOKMARK [2][-]{subsection.3.5}{\376\377\000C\000o\000m\000p\000a\000t\000i\000b\000i\000l\000i\000t\000\340}{section.3}% 17
\BOOKMARK [1][-]{section.4}{\376\377\000U\000s\000e\000\040\000C\000a\000s\000e}{}% 18
\BOOKMARK [2][-]{subsection.4.1}{\376\377\000R\000F\0001\000:\000\040\000G\000e\000s\000t\000i\000o\000n\000e\000\040\000A\000c\000c\000e\000s\000s\000i}{section.4}% 19
\BOOKMARK [2][-]{subsection.4.2}{\376\377\000R\000F\0002\000:\000\040\000A\000c\000c\000e\000s\000s\000o\000\040\000a\000l\000l\000a\000\040\000D\000a\000s\000h\000b\000o\000a\000r\000d}{section.4}% 20
\BOOKMARK [2][-]{subsection.4.3}{\376\377\000R\000F\0003\000:\000\040\000R\000i\000e\000p\000i\000l\000o\000g\000o}{section.4}% 21
\BOOKMARK [2][-]{subsection.4.4}{\376\377\000R\000F\0004\000:\000\040\000R\000i\000c\000e\000r\000c\000a}{section.4}% 22
\BOOKMARK [2][-]{subsection.4.5}{\376\377\000R\000F\0005\000:\000\040\000C\000r\000e\000a\000z\000i\000o\000n\000e\000\040\000V\000o\000t\000a\000z\000i\000o\000n\000i}{section.4}% 23
\BOOKMARK [2][-]{subsection.4.6}{\376\377\000R\000F\0006\000:\000\040\000G\000e\000s\000t\000i\000o\000n\000e\000\040\000V\000o\000t\000a\000z\000i\000o\000n\000i}{section.4}% 24
\BOOKMARK [2][-]{subsection.4.7}{\376\377\000R\000F\0007\000:\000\040\000C\000r\000e\000a\000z\000i\000o\000n\000e\000\040\000S\000o\000n\000d\000a\000g\000g\000i}{section.4}% 25
\BOOKMARK [2][-]{subsection.4.8}{\376\377\000R\000F\0008\000:\000\040\000G\000e\000s\000t\000i\000o\000n\000e\000\040\000S\000o\000n\000d\000a\000g\000g\000i}{section.4}% 26
\BOOKMARK [2][-]{subsection.4.9}{\376\377\000R\000F\0009\000:\000\040\000M\000o\000d\000e\000r\000a\000z\000i\000o\000n\000e\000\040\000C\000o\000n\000t\000e\000n\000u\000t\000i}{section.4}% 27
\BOOKMARK [2][-]{subsection.4.10}{\376\377\000R\000F\0001\0000\000:\000\040\000G\000e\000s\000t\000i\000o\000n\000e\000\040\000I\000n\000i\000z\000i\000a\000t\000i\000v\000e\000\040\000d\000e\000i\000\040\000C\000i\000t\000t\000a\000d\000i\000n\000i}{section.4}% 28
\BOOKMARK [2][-]{subsection.4.11}{\376\377\000R\000F\0001\0001\000:\000\040\000V\000o\000t\000a\000z\000i\000o\000n\000e\000\040\000I\000n\000i\000z\000i\000a\000t\000i\000v\000e}{section.4}% 29
\BOOKMARK [2][-]{subsection.4.12}{\376\377\000R\000F\0001\0002\000:\000\040\000V\000o\000t\000a\000z\000i\000o\000n\000i\000\040\000e\000\040\000S\000o\000n\000d\000a\000g\000g\000i\000\040\000\050\000I\000n\000v\000i\000o\000\040\000U\000n\000i\000v\000o\000c\000o\000\051}{section.4}% 30
\BOOKMARK [2][-]{subsection.4.13}{\376\377\000R\000F\0001\0003\000:\000\040\000V\000i\000s\000u\000a\000l\000i\000z\000z\000a\000z\000i\000o\000n\000e\000\040\000A\000t\000t\000i\000v\000i\000t\000\340\000\040\000A\000t\000t\000i\000v\000e}{section.4}% 31
\BOOKMARK [1][-]{section.5}{\376\377\000U\000s\000e\000r\000\040\000S\000t\000o\000r\000i\000e\000s}{}% 32
